╔═══════════════════════════════════════╗
║  Webtop Keep-Alive Daemon             ║
╚═══════════════════════════════════════╝
  Profile:  C:\Users\Master_PC\Desktop\Projects Eldad\01_Active_Projects\n8n\Webtop_APP\.webtop_profile
  Ping every 8 min
  Started:  19.3.2026, 19:02:40

[keepalive 19:02:40] Initializing stealth browser context...
[keepalive 19:02:42] Pinging dashboard to keep session alive...
[keepalive 19:02:44] Scraper lock detected — closing context to yield profile lock...
[keepalive 19:02:45] Ping error: Cannot read properties of null (reading 'url')
[keepalive 19:02:45] Keep-alive running — Ctrl+C to stop
[keepalive 19:04:21] Scraper finished — profile lock released, keepalive will reopen context on next ping
[keepalive 19:10:45] Initializing stealth browser context...
[keepalive 19:10:47] Pinging dashboard to keep session alive...
[keepalive 19:10:50] Session alive ✓ (dashboard)
[keepalive 19:14:15] Scraper lock detected — closing context to yield profile lock...
[keepalive 19:15:47] Scraper finished — profile lock released, keepalive will reopen context on next ping
[keepalive 19:17:44] Scraper lock detected — closing context to yield profile lock...
[keepalive 19:19:16] Initializing stealth browser context...
[keepalive 19:19:16] Scraper finished — profile lock released, keepalive will reopen context on next ping
[keepalive 19:19:17] Pinging dashboard to keep session alive...
[keepalive 19:19:20] Session alive ✓ (dashboard)
[keepalive 19:26:45] Pinging dashboard to keep session alive...
[keepalive 19:26:49] Session alive ✓ (dashboard)
[keepalive 19:32:45] Scraper lock detected — closing context to yield profile lock...
[keepalive 19:34:11] Scraper finished — profile lock released, keepalive will reopen context on next ping
[keepalive 19:34:46] Initializing stealth browser context...
[keepalive 19:34:47] Pinging dashboard to keep session alive...
[keepalive 19:34:50] Session alive ✓ (dashboard)
[keepalive 19:42:46] Pinging dashboard to keep session alive...
[keepalive 19:42:49] Session alive ✓ (dashboard)
[keepalive 19:47:44] Scraper lock detected — closing context to yield profile lock...
[keepalive 19:49:13] Scraper finished — profile lock released, keepalive will reopen context on next ping
[keepalive 19:50:46] Initializing stealth browser context...
[keepalive 19:50:47] Pinging dashboard to keep session alive...
[keepalive 19:50:50] Session alive ✓ (dashboard)
[keepalive 19:58:46] Pinging dashboard to keep session alive...
[keepalive 19:58:49] Session alive ✓ (dashboard)
[keepalive 20:02:45] Scraper lock detected — closing context to yield profile lock...
[keepalive 20:04:15] Scraper finished — profile lock released, keepalive will reopen context on next ping
[keepalive 20:06:46] Initializing stealth browser context...
[keepalive 20:06:47] Pinging dashboard to keep session alive...
[keepalive 20:06:50] Session alive ✓ (dashboard)
[keepalive 20:14:46] Pinging dashboard to keep session alive...
[keepalive 20:14:49] Session alive ✓ (dashboard)
[keepalive 20:17:45] Scraper lock detected — closing context to yield profile lock...
[keepalive 20:19:14] Scraper finished — profile lock released, keepalive will reopen context on next ping
[keepalive 20:22:46] Initializing stealth browser context...
[keepalive 20:22:47] Pinging dashboard to keep session alive...
[keepalive 20:22:50] Session alive ✓ (dashboard)
[keepalive 20:30:46] Pinging dashboard to keep session alive...
[keepalive 20:30:49] Session alive ✓ (dashboard)
[keepalive 20:32:44] Scraper lock detected — closing context to yield profile lock...
[keepalive 20:34:11] Scraper finished — profile lock released, keepalive will reopen context on next ping
[keepalive 20:38:46] Initializing stealth browser context...
[keepalive 20:38:47] Pinging dashboard to keep session alive...
[keepalive 20:38:50] Session alive ✓ (dashboard)
[keepalive 20:46:46] Pinging dashboard to keep session alive...
[keepalive 20:46:49] Session alive ✓ (dashboard)
[keepalive 20:47:45] Scraper lock detected — closing context to yield profile lock...
[keepalive 20:49:12] Scraper finished — profile lock released, keepalive will reopen context on next ping
[keepalive 20:54:46] Initializing stealth browser context...
[keepalive 20:54:47] Pinging dashboard to keep session alive...
[keepalive 20:54:50] Session alive ✓ (dashboard)
[keepalive 21:02:44] Scraper lock detected — closing context to yield profile lock...
[keepalive 21:04:12] Initializing stealth browser context...
[keepalive 21:04:13] Scraper finished — profile lock released, keepalive will reopen context on next ping
[keepalive 21:04:13] Pinging dashboard to keep session alive...
[keepalive 21:04:16] Session alive ✓ (dashboard)
[keepalive 21:10:46] Pinging dashboard to keep session alive...
[keepalive 21:10:49] Session alive ✓ (dashboard)
[keepalive 21:17:44] Scraper lock detected — closing context to yield profile lock...
[keepalive 21:19:13] Initializing stealth browser context...
[keepalive 21:19:13] Scraper finished — profile lock released, keepalive will reopen context on next ping
[keepalive 21:19:14] Pinging dashboard to keep session alive...
[keepalive 21:19:17] Session alive ✓ (dashboard)
[keepalive 21:26:46] Pinging dashboard to keep session alive...
[keepalive 21:26:49] Session alive ✓ (dashboard)
[keepalive 21:32:45] Scraper lock detected — closing context to yield profile lock...
[keepalive 21:34:14] Scraper finished — profile lock released, keepalive will reopen context on next ping
[keepalive 21:34:46] Initializing stealth browser context...
[keepalive 21:34:47] Pinging dashboard to keep session alive...
[keepalive 21:34:50] Session alive ✓ (dashboard)
[keepalive 21:42:46] Pinging dashboard to keep session alive...
[keepalive 21:42:49] Session alive ✓ (dashboard)
[keepalive 21:47:44] Scraper lock detected — closing context to yield profile lock...
[keepalive 21:49:11] Scraper finished — profile lock released, keepalive will reopen context on next ping
[keepalive 21:50:46] Initializing stealth browser context...
[keepalive 21:50:47] Pinging dashboard to keep session alive...
[keepalive 21:50:50] Session alive ✓ (dashboard)
[keepalive 21:58:46] Pinging dashboard to keep session alive...
[keepalive 21:58:49] Session alive ✓ (dashboard)
[keepalive 22:02:44] Scraper lock detected — closing context to yield profile lock...
[keepalive 22:04:11] Scraper finished — profile lock released, keepalive will reopen context on next ping
[keepalive 22:06:46] Initializing stealth browser context...
[keepalive 22:06:47] Pinging dashboard to keep session alive...
[keepalive 22:06:50] Session alive ✓ (dashboard)
[keepalive 22:14:46] Pinging dashboard to keep session alive...
[keepalive 22:14:49] Session alive ✓ (dashboard)
[keepalive 22:17:45] Scraper lock detected — closing context to yield profile lock...
[keepalive 22:19:10] Scraper finished — profile lock released, keepalive will reopen context on next ping
[keepalive 22:22:46] Initializing stealth browser context...
[keepalive 22:22:47] Pinging dashboard to keep session alive...
[keepalive 22:22:50] Session alive ✓ (dashboard)
[keepalive 22:30:46] Pinging dashboard to keep session alive...
[keepalive 22:30:49] Session alive ✓ (dashboard)
[keepalive 22:32:44] Scraper lock detected — closing context to yield profile lock...
[keepalive 22:34:13] Scraper finished — profile lock released, keepalive will reopen context on next ping
[keepalive 22:38:46] Initializing stealth browser context...
[keepalive 22:38:47] Pinging dashboard to keep session alive...
[keepalive 22:38:51] Session alive ✓ (dashboard)
[keepalive 22:46:46] Pinging dashboard to keep session alive...
[keepalive 22:46:49] Session alive ✓ (dashboard)
[keepalive 22:47:44] Scraper lock detected — closing context to yield profile lock...
[keepalive 22:49:26] Scraper finished — profile lock released, keepalive will reopen context on next ping
[keepalive 22:54:46] Initializing stealth browser context...
[keepalive 22:54:48] Pinging dashboard to keep session alive...
[keepalive 22:54:52] Session alive ✓ (dashboard)
[keepalive 23:02:45] Scraper lock detected — closing context to yield profile lock...
[keepalive 23:04:12] Scraper finished — profile lock released, keepalive will reopen context on next ping
[keepalive 23:04:12] Initializing stealth browser context...
[keepalive 23:04:13] Pinging dashboard to keep session alive...
[keepalive 23:04:17] Session alive ✓ (dashboard)
[keepalive 23:10:46] Pinging dashboard to keep session alive...
[keepalive 23:10:49] Session alive ✓ (dashboard)
[keepalive 23:17:45] Scraper lock detected — closing context to yield profile lock...
[keepalive 23:19:17] Scraper finished — profile lock released, keepalive will reopen context on next ping
[keepalive 23:19:17] Initializing stealth browser context...
[keepalive 23:19:20] Pinging dashboard to keep session alive...
[keepalive 23:19:24] Session alive ✓ (dashboard)
[keepalive 23:26:46] Pinging dashboard to keep session alive...
[keepalive 23:26:49] Session alive ✓ (dashboard)
[keepalive 23:32:44] Scraper lock detected — closing context to yield profile lock...
[keepalive 23:34:05] Scraper finished — profile lock released, keepalive will reopen context on next ping
[keepalive 23:34:46] Initializing stealth browser context...
[keepalive 23:34:47] Pinging dashboard to keep session alive...
[keepalive 23:34:50] Session alive ✓ (dashboard)
[keepalive 23:42:46] Pinging dashboard to keep session alive...
[keepalive 23:42:49] Session alive ✓ (dashboard)
[keepalive 23:47:44] Scraper lock detected — closing context to yield profile lock...
[keepalive 23:49:06] Scraper finished — profile lock released, keepalive will reopen context on next ping
[keepalive 23:50:46] Initializing stealth browser context...
[keepalive 23:50:47] Pinging dashboard to keep session alive...
[keepalive 23:50:50] Session alive ✓ (dashboard)
[keepalive 23:58:46] Pinging dashboard to keep session alive...
[keepalive 23:58:49] Session alive ✓ (dashboard)
[keepalive 0:02:44] Scraper lock detected — closing context to yield profile lock...
[keepalive 0:04:05] Scraper finished — profile lock released, keepalive will reopen context on next ping
[keepalive 0:06:46] Initializing stealth browser context...
[keepalive 0:06:48] Pinging dashboard to keep session alive...
[keepalive 0:06:51] Session alive ✓ (dashboard)
[keepalive 0:14:46] Pinging dashboard to keep session alive...
[keepalive 0:14:49] Session alive ✓ (dashboard)
[keepalive 0:17:44] Scraper lock detected — closing context to yield profile lock...
[keepalive 0:19:09] Scraper finished — profile lock released, keepalive will reopen context on next ping
[keepalive 0:22:46] Initializing stealth browser context...
[keepalive 0:22:48] Pinging dashboard to keep session alive...
[keepalive 0:22:51] Session alive ✓ (dashboard)
[keepalive 0:30:46] Pinging dashboard to keep session alive...
[keepalive 0:30:49] Session alive ✓ (dashboard)
[keepalive 0:32:45] Scraper lock detected — closing context to yield profile lock...
[keepalive 0:34:09] Scraper finished — profile lock released, keepalive will reopen context on next ping
[keepalive 0:38:46] Initializing stealth browser context...
[keepalive 0:38:49] Pinging dashboard to keep session alive...
[keepalive 0:38:52] Session alive ✓ (dashboard)
[keepalive 0:46:46] Pinging dashboard to keep session alive...
[keepalive 0:46:49] Session alive ✓ (dashboard)
[keepalive 0:47:45] Scraper lock detected — closing context to yield profile lock...
[keepalive 0:49:14] Scraper finished — profile lock released, keepalive will reopen context on next ping
[keepalive 0:54:46] Initializing stealth browser context...
[keepalive 0:54:48] Pinging dashboard to keep session alive...
[keepalive 0:54:52] Session alive ✓ (dashboard)
[keepalive 1:02:45] Scraper lock detected — closing context to yield profile lock...
[keepalive 1:04:14] Initializing stealth browser context...
[keepalive 1:04:15] Scraper finished — profile lock released, keepalive will reopen context on next ping
[keepalive 1:04:17] Pinging dashboard to keep session alive...
[keepalive 1:04:20] Session alive ✓ (dashboard)
[keepalive 1:10:46] Pinging dashboard to keep session alive...
[keepalive 1:10:49] Session alive ✓ (dashboard)
[keepalive 1:17:45] Scraper lock detected — closing context to yield profile lock...
[keepalive 1:19:05] Initializing stealth browser context...
[keepalive 1:19:06] Scraper finished — profile lock released, keepalive will reopen context on next ping
[keepalive 1:19:07] Pinging dashboard to keep session alive...
[keepalive 1:19:10] Session alive ✓ (dashboard)
[keepalive 1:26:46] Pinging dashboard to keep session alive...
[keepalive 1:26:49] Session alive ✓ (dashboard)
[keepalive 1:32:44] Scraper lock detected — closing context to yield profile lock...
[keepalive 1:34:07] Scraper finished — profile lock released, keepalive will reopen context on next ping
[keepalive 1:34:46] Initializing stealth browser context...
[keepalive 1:34:47] Pinging dashboard to keep session alive...
[keepalive 1:34:50] Session alive ✓ (dashboard)
[keepalive 1:42:46] Pinging dashboard to keep session alive...
[keepalive 1:42:49] Session alive ✓ (dashboard)
[keepalive 1:47:45] Scraper lock detected — closing context to yield profile lock...
[keepalive 1:49:07] Scraper finished — profile lock released, keepalive will reopen context on next ping
[keepalive 1:50:46] Initializing stealth browser context...
[keepalive 1:50:47] Pinging dashboard to keep session alive...
[keepalive 1:50:51] Session alive ✓ (dashboard)
[keepalive 1:58:46] Pinging dashboard to keep session alive...
[keepalive 1:58:49] Session alive ✓ (dashboard)
[keepalive 2:02:45] Scraper lock detected — closing context to yield profile lock...
[keepalive 2:04:06] Scraper finished — profile lock released, keepalive will reopen context on next ping
[keepalive 2:06:46] Initializing stealth browser context...
[keepalive 2:06:47] Pinging dashboard to keep session alive...
[keepalive 2:06:51] Session alive ✓ (dashboard)
[keepalive 2:14:46] Pinging dashboard to keep session alive...
[keepalive 2:14:49] Session alive ✓ (dashboard)
[keepalive 2:17:44] Scraper lock detected — closing context to yield profile lock...
[keepalive 2:19:11] Scraper finished — profile lock released, keepalive will reopen context on next ping
[keepalive 2:22:46] Initializing stealth browser context...
[keepalive 2:22:48] Pinging dashboard to keep session alive...
[keepalive 2:22:51] Session alive ✓ (dashboard)
[keepalive 2:30:46] Pinging dashboard to keep session alive...
[keepalive 2:30:49] Session alive ✓ (dashboard)
[keepalive 2:32:45] Scraper lock detected — closing context to yield profile lock...
[keepalive 2:34:07] Scraper finished — profile lock released, keepalive will reopen context on next ping
[keepalive 2:38:46] Initializing stealth browser context...
[keepalive 2:38:47] Pinging dashboard to keep session alive...
[keepalive 2:38:51] Session alive ✓ (dashboard)
[keepalive 2:46:46] Pinging dashboard to keep session alive...
[keepalive 2:46:49] Session alive ✓ (dashboard)
[keepalive 2:47:45] Scraper lock detected — closing context to yield profile lock...
[keepalive 2:49:07] Scraper finished — profile lock released, keepalive will reopen context on next ping
[keepalive 2:54:46] Initializing stealth browser context...
[keepalive 2:54:48] Pinging dashboard to keep session alive...
[keepalive 2:54:51] Session alive ✓ (dashboard)
[keepalive 3:02:44] Scraper lock detected — closing context to yield profile lock...
[keepalive 3:04:05] Initializing stealth browser context...
[keepalive 3:04:06] Scraper finished — profile lock released, keepalive will reopen context on next ping
[keepalive 3:04:07] Pinging dashboard to keep session alive...
[keepalive 3:04:10] Session alive ✓ (dashboard)
[keepalive 3:10:46] Pinging dashboard to keep session alive...
[keepalive 3:10:49] Session alive ✓ (dashboard)
[keepalive 3:17:45] Scraper lock detected — closing context to yield profile lock...
[keepalive 3:19:06] Initializing stealth browser context...
[keepalive 3:19:06] Scraper finished — profile lock released, keepalive will reopen context on next ping
[keepalive 3:19:08] Pinging dashboard to keep session alive...
[keepalive 3:19:11] Session alive ✓ (dashboard)
[keepalive 3:26:46] Pinging dashboard to keep session alive...
[keepalive 3:26:49] Session alive ✓ (dashboard)
[keepalive 3:32:44] Scraper lock detected — closing context to yield profile lock...
[keepalive 3:34:06] Scraper finished — profile lock released, keepalive will reopen context on next ping
[keepalive 3:34:46] Initializing stealth browser context...
[keepalive 3:34:47] Pinging dashboard to keep session alive...
[keepalive 3:34:51] Session alive ✓ (dashboard)
[keepalive 3:42:46] Pinging dashboard to keep session alive...
[keepalive 3:42:49] Session alive ✓ (dashboard)
[keepalive 3:47:45] Scraper lock detected — closing context to yield profile lock...
[keepalive 3:49:13] Scraper finished — profile lock released, keepalive will reopen context on next ping
[keepalive 3:50:46] Initializing stealth browser context...
[keepalive 3:50:48] Pinging dashboard to keep session alive...
[keepalive 3:50:51] Session alive ✓ (dashboard)
[keepalive 3:58:46] Pinging dashboard to keep session alive...
[keepalive 3:58:49] Session alive ✓ (dashboard)
[keepalive 4:02:44] Scraper lock detected — closing context to yield profile lock...
[keepalive 4:04:38] Scraper finished — profile lock released, keepalive will reopen context on next ping
[keepalive 4:06:48] Initializing stealth browser context...
[keepalive 4:06:49] Pinging dashboard to keep session alive...
[keepalive 4:06:53] Session alive ✓ (dashboard)
[keepalive 4:14:48] Pinging dashboard to keep session alive...
[keepalive 4:14:51] Session alive ✓ (dashboard)
[keepalive 4:17:48] Scraper lock detected — closing context to yield profile lock...
[keepalive 4:19:41] Scraper finished — profile lock released, keepalive will reopen context on next ping
[keepalive 4:22:48] Initializing stealth browser context...
[keepalive 4:22:49] Pinging dashboard to keep session alive...
[keepalive 4:22:53] Session alive ✓ (dashboard)
[keepalive 4:30:48] Pinging dashboard to keep session alive...
[keepalive 4:30:51] Session alive ✓ (dashboard)
[keepalive 4:32:48] Scraper lock detected — closing context to yield profile lock...
[keepalive 4:34:40] Scraper finished — profile lock released, keepalive will reopen context on next ping
[keepalive 4:38:48] Initializing stealth browser context...
[keepalive 4:38:49] Pinging dashboard to keep session alive...
[keepalive 4:38:53] Session alive ✓ (dashboard)
[keepalive 4:46:48] Pinging dashboard to keep session alive...
[keepalive 4:46:51] Session alive ✓ (dashboard)
[keepalive 4:47:47] Scraper lock detected — closing context to yield profile lock...
[keepalive 4:49:41] Scraper finished — profile lock released, keepalive will reopen context on next ping
[keepalive 4:54:48] Initializing stealth browser context...
[keepalive 4:54:49] Pinging dashboard to keep session alive...
[keepalive 4:54:53] Session alive ✓ (dashboard)
[keepalive 5:02:46] Scraper lock detected — closing context to yield profile lock...
[keepalive 5:04:39] Scraper finished — profile lock released, keepalive will reopen context on next ping
[keepalive 5:04:39] Initializing stealth browser context...
[keepalive 5:04:41] Pinging dashboard to keep session alive...
[keepalive 5:04:44] Session alive ✓ (dashboard)
[keepalive 5:10:48] Pinging dashboard to keep session alive...
[keepalive 5:10:51] Session alive ✓ (dashboard)
[keepalive 5:17:48] Scraper lock detected — closing context to yield profile lock...
[keepalive 5:19:40] Initializing stealth browser context...
[keepalive 5:19:41] Scraper finished — profile lock released, keepalive will reopen context on next ping
[keepalive 5:19:42] Pinging dashboard to keep session alive...
[keepalive 5:19:45] Session alive ✓ (dashboard)
[keepalive 5:26:48] Pinging dashboard to keep session alive...
[keepalive 5:26:51] Session alive ✓ (dashboard)
[keepalive 5:32:47] Scraper lock detected — closing context to yield profile lock...
[keepalive 5:34:40] Scraper finished — profile lock released, keepalive will reopen context on next ping
[keepalive 5:34:48] Initializing stealth browser context...
[keepalive 5:34:50] Pinging dashboard to keep session alive...
[keepalive 5:34:53] Session alive ✓ (dashboard)
[keepalive 5:42:48] Pinging dashboard to keep session alive...
[keepalive 5:42:51] Session alive ✓ (dashboard)
[keepalive 5:47:46] Scraper lock detected — closing context to yield profile lock...
[keepalive 5:49:41] Scraper finished — profile lock released, keepalive will reopen context on next ping
[keepalive 5:50:48] Initializing stealth browser context...
[keepalive 5:50:49] Pinging dashboard to keep session alive...
[keepalive 5:50:53] Session alive ✓ (dashboard)
[keepalive 5:58:48] Pinging dashboard to keep session alive...
[keepalive 5:58:51] Session alive ✓ (dashboard)
[keepalive 6:02:48] Scraper lock detected — closing context to yield profile lock...
[keepalive 6:04:40] Scraper finished — profile lock released, keepalive will reopen context on next ping
[keepalive 6:06:48] Initializing stealth browser context...
[keepalive 6:06:50] Pinging dashboard to keep session alive...
[keepalive 6:06:53] Session alive ✓ (dashboard)
[keepalive 6:14:48] Pinging dashboard to keep session alive...
[keepalive 6:14:51] Session alive ✓ (dashboard)
[keepalive 6:17:47] Scraper lock detected — closing context to yield profile lock...
[keepalive 6:19:41] Scraper finished — profile lock released, keepalive will reopen context on next ping
[keepalive 6:22:48] Initializing stealth browser context...
[keepalive 6:22:50] Pinging dashboard to keep session alive...
[keepalive 6:22:53] Session alive ✓ (dashboard)
[keepalive 6:30:48] Pinging dashboard to keep session alive...
[keepalive 6:30:51] Session alive ✓ (dashboard)
[keepalive 6:32:46] Scraper lock detected — closing context to yield profile lock...
[keepalive 6:34:39] Scraper finished — profile lock released, keepalive will reopen context on next ping
[keepalive 6:38:48] Initializing stealth browser context...
[keepalive 6:38:49] Pinging dashboard to keep session alive...
[keepalive 6:38:53] Session alive ✓ (dashboard)
[keepalive 6:46:48] Pinging dashboard to keep session alive...
[keepalive 6:46:51] Session alive ✓ (dashboard)
[keepalive 6:47:48] Scraper lock detected — closing context to yield profile lock...
[keepalive 6:49:41] Scraper finished — profile lock released, keepalive will reopen context on next ping
[keepalive 6:54:48] Initializing stealth browser context...
[keepalive 6:54:50] Pinging dashboard to keep session alive...
[keepalive 6:54:53] Session alive ✓ (dashboard)
[keepalive 7:02:48] Scraper lock detected — closing context to yield profile lock...
[keepalive 7:04:40] Scraper finished — profile lock released, keepalive will reopen context on next ping
[keepalive 7:04:40] Initializing stealth browser context...
[keepalive 7:04:41] Pinging dashboard to keep session alive...
[keepalive 7:04:45] Session alive ✓ (dashboard)
[keepalive 7:10:48] Pinging dashboard to keep session alive...
[keepalive 7:10:51] Session alive ✓ (dashboard)
[keepalive 7:17:47] Scraper lock detected — closing context to yield profile lock...
[keepalive 7:19:41] Initializing stealth browser context...
[keepalive 7:19:42] Scraper finished — profile lock released, keepalive will reopen context on next ping
[keepalive 7:19:42] Pinging dashboard to keep session alive...
[keepalive 7:19:46] Session alive ✓ (dashboard)
[keepalive 7:26:48] Pinging dashboard to keep session alive...
[keepalive 7:26:51] Session alive ✓ (dashboard)
[keepalive 7:32:47] Scraper lock detected — closing context to yield profile lock...
[keepalive 7:34:40] Scraper finished — profile lock released, keepalive will reopen context on next ping
[keepalive 7:34:48] Initializing stealth browser context...
[keepalive 7:34:50] Pinging dashboard to keep session alive...
[keepalive 7:34:53] Session alive ✓ (dashboard)
[keepalive 7:42:48] Pinging dashboard to keep session alive...
[keepalive 7:42:51] Session alive ✓ (dashboard)
[keepalive 7:47:46] Scraper lock detected — closing context to yield profile lock...
[keepalive 7:49:41] Scraper finished — profile lock released, keepalive will reopen context on next ping
[keepalive 7:50:48] Initializing stealth browser context...
[keepalive 7:50:50] Pinging dashboard to keep session alive...
[keepalive 7:50:53] Session alive ✓ (dashboard)
[keepalive 7:58:48] Pinging dashboard to keep session alive...
[keepalive 7:58:51] Session alive ✓ (dashboard)
[keepalive 8:02:47] Scraper lock detected — closing context to yield profile lock...
[keepalive 8:04:39] Scraper finished — profile lock released, keepalive will reopen context on next ping
[keepalive 8:06:48] Initializing stealth browser context...
[keepalive 8:06:50] Pinging dashboard to keep session alive...
[keepalive 8:06:53] Session alive ✓ (dashboard)
[keepalive 8:14:48] Pinging dashboard to keep session alive...
[keepalive 8:14:51] Session alive ✓ (dashboard)
[keepalive 8:17:47] Scraper lock detected — closing context to yield profile lock...
[keepalive 8:19:40] Scraper finished — profile lock released, keepalive will reopen context on next ping
[keepalive 8:22:48] Initializing stealth browser context...
[keepalive 8:22:50] Pinging dashboard to keep session alive...
[keepalive 8:22:53] Session alive ✓ (dashboard)
[keepalive 8:30:48] Pinging dashboard to keep session alive...
[keepalive 8:30:51] Session alive ✓ (dashboard)
[keepalive 8:32:47] Scraper lock detected — closing context to yield profile lock...
[keepalive 8:34:40] Scraper finished — profile lock released, keepalive will reopen context on next ping
[keepalive 8:38:48] Initializing stealth browser context...
[keepalive 8:38:50] Pinging dashboard to keep session alive...
[keepalive 8:38:53] Session alive ✓ (dashboard)
[keepalive 8:46:48] Pinging dashboard to keep session alive...
[keepalive 8:46:51] Session alive ✓ (dashboard)
