[    5433ms] [WARNING] Statsig is not ready to log exposures, will retry in 1 seconds @ https://www.figma.com/webpack-artifacts/assets/vendor-core-c1d527f9b495c128.min.js.br:53
[    6502ms] [WARNING] [bootstrap_waiting_on_user_state] You appear to be logging a relative timestamp and not an epoch timestamp. Try adding performance.timeOrigin to the timestamp. @ https://www.figma.com/webpack-artifacts/assets/vendor-core-c1d527f9b495c128.min.js.br:53
[    6668ms] [WARNING] Statsig is not ready to log exposures, will retry in 1 seconds @ https://www.figma.com/webpack-artifacts/assets/vendor-core-c1d527f9b495c128.min.js.br:53
[    9759ms] [WARNING] The powerPreference option is currently ignored when calling requestAdapter() on Windows. See https://crbug.com/369219127 @ https://www.figma.com/webpack-artifacts/assets/7954-9a59fdc1873128f9.min.js.br:6
[   16075ms] [ERROR] Failed to load resource: the server responded with a status of 401 () @ https://www.figma.com/api/files/batch:0
[   17774ms] [ERROR] Failed to load resource: the server responded with a status of 401 () @ https://www.figma.com/api/folders/481211638:0
[   19165ms] E: XHR for "/api/folders/481211638" failed with status 401
    at C (https://www.figma.com/webpack-artifacts/assets/6380-30e6d96c159a7d0b.min.js.br:1273:13965)
    at async Object.k [as get] (https://www.figma.com/webpack-artifacts/assets/6380-30e6d96c159a7d0b.min.js.br:1273:14348)
    at async https://www.figma.com/webpack-artifacts/assets/6380-30e6d96c159a7d0b.min.js.br:1070:146214
    at async h.validate (https://www.figma.com/webpack-artifacts/assets/figma_app_beta-3244bedc616e21d3.min.js.br:185:1521595)
    at async h.fetchObject (https://www.figma.com/webpack-artifacts/assets/6380-30e6d96c159a7d0b.min.js.br:353:136852)
    at async f (https://www.figma.com/webpack-artifacts/assets/6380-30e6d96c159a7d0b.min.js.br:353:117154)
[   18670ms] [ERROR] Failed to load resource: the server responded with a status of 401 () @ https://www.figma.com/api/make/fetch_ds_code_gen_status:0
[   18674ms] [ERROR] Failed to load resource: the server responded with a status of 401 () @ https://www.figma.com/api/user/plans:0
[   18680ms] [ERROR] Failed to load resource: the server responded with a status of 401 () @ https://www.figma.com/api/make/ds_import_libraries?:0
[   18682ms] [ERROR] Failed to load resource: the server responded with a status of 401 () @ https://www.figma.com/api/integrations/supabase/XefXqFsq9zmdcl5PXfzfpg/connection:0
[   18687ms] [ERROR] Failed to load resource: the server responded with a status of 401 () @ https://www.figma.com/api/make/ds_import_libraries?:0
[   19010ms] [ERROR] Attestation check for Attribution Reporting on https://www.facebook.com failed. @ https://www.figma.com/make/XefXqFsq9zmdcl5PXfzfpg/WebtopKids-School-Portal-Design?p=f:0
[   19048ms] [ERROR] Failed to load resource: the server responded with a status of 401 () @ https://www.figma.com/api/user/plans:0
[   19056ms] [ERROR] Failed to load resource: the server responded with a status of 401 () @ https://www.figma.com/api/user/plans:0
[   19187ms] [WARNING] [GSI_LOGGER]: Your client application uses one of the Google One Tap prompt UI status methods that may stop functioning when FedCM becomes mandatory. Refer to the migration guide to update your code accordingly and opt-in to FedCM to test your changes. Learn more: https://developers.google.com/identity/gsi/web/guides/fedcm-migration?s=dc#display_moment and https://developers.google.com/identity/gsi/web/guides/fedcm-migration?s=dc#skipped_moment @ https://www.figma.com/webpack-artifacts/assets/vendor-core-c1d527f9b495c128.min.js.br:53
[   19330ms] [ERROR] Not signed in with the identity provider. @ https://www.figma.com/make/XefXqFsq9zmdcl5PXfzfpg/WebtopKids-School-Portal-Design?p=f:0
[   26063ms] [ERROR] [GSI_LOGGER]: FedCM get() rejects with NetworkError: Error retrieving a token. @ https://www.figma.com/webpack-artifacts/assets/vendor-core-c1d527f9b495c128.min.js.br:53
